[2m2025-09-26 15:37:47.205 +09:00[0m [32m INFO[0m [2mdedup[0m[2m:[0m Child process mode - using provided keys
[2m2025-09-26 15:37:47.205 +09:00[0m [32m INFO[0m [2mdedup[0m[2m:[0m Received args[1] (other's public key): 4d40f8c74d907c4c1aa06bd6da93711a83cc4fad660282caa52646e6ea1019d0
[2m2025-09-26 15:37:47.205 +09:00[0m [32m INFO[0m [2mdedup[0m[2m:[0m Received args[2] (our secret key bytes): 146 chars
[2m2025-09-26 15:37:47.206 +09:00[0m [32m INFO[0m [2mdedup[0m[2m:[0m Parsed other_public_key: 4d40f8c74d907c4c1aa06bd6da93711a83cc4fad660282caa52646e6ea1019d0
[2m2025-09-26 15:37:47.206 +09:00[0m [32m INFO[0m [2mdedup[0m[2m:[0m Parsed our_secret_key, public version: b82318e7d5af4e8ec242e32ece158110c29fd2b8bd8ecffd0917447d81978c3b
[2m2025-09-26 15:37:47.260 +09:00[0m [32m INFO[0m [2mdedup[0m[2m:[0m RootContext initialized with public key: b82318e7d5af4e8ec242e32ece158110c29fd2b8bd8ecffd0917447d81978c3b
[2m2025-09-26 15:37:47.260 +09:00[0m [32m INFO[0m [2mdedup[0m[2m:[0m Will attempt to connect to other peer with public key: 4d40f8c74d907c4c1aa06bd6da93711a83cc4fad660282caa52646e6ea1019d0
[2m2025-09-26 15:37:47.260 +09:00[0m [32m INFO[0m [2mdedup[0m[2m:[0m Key comparison: our_key=b82318e7d5af4e8ec242e32ece158110c29fd2b8bd8ecffd0917447d81978c3b, other_key=4d40f8c74d907c4c1aa06bd6da93711a83cc4fad660282caa52646e6ea1019d0, our_key > other_key = true
[2m2025-09-26 15:37:47.260 +09:00[0m [32m INFO[0m [2mdedup[0m[2m:[0m spawning PingPong actor...
[2m2025-09-26 15:37:47.260 +09:00[0m [32m INFO[0m [2mdedup[0m[2m:[0m binding PingPong actor to 'ping_pong' name...
[2m2025-09-26 15:37:47.260 +09:00[0m [35mTRACE[0m [2mtheta::context[0m[2m:[0m binding [3mident[0m[2m=[0m70696e675f706f6e6700000000000000 [3mactor[0m[2m=[0mdedup::PingPong(48cd3e79b957492d9fde1efc468d8dbb)
[2m2025-09-26 15:37:47.260 +09:00[0m [35mTRACE[0m [2mtheta::remote::peer[0m[2m:[0m starting local peer [3mpublic_key[0m[2m=[0mb82318e7d5af4e8ec242e32ece158110c29fd2b8bd8ecffd0917447d81978c3b
[2m2025-09-26 15:37:48.260 +09:00[0m [32m INFO[0m [2mdedup[0m[2m:[0m Connecting to peer: 4d40f8c74d907c4c1aa06bd6da93711a83cc4fad660282caa52646e6ea1019d0
[2m2025-09-26 15:37:48.261 +09:00[0m [32m INFO[0m [2mdedup[0m[2m:[0m Constructed URL for lookup: iroh://ping_pong@4d40f8c74d907c4c1aa06bd6da93711a83cc4fad660282caa52646e6ea1019d0
[2m2025-09-26 15:37:48.261 +09:00[0m [32m INFO[0m [2mdedup[0m[2m:[0m Attempting lookup 1 for iroh://ping_pong@4d40f8c74d907c4c1aa06bd6da93711a83cc4fad660282caa52646e6ea1019d0
[2m2025-09-26 15:37:48.261 +09:00[0m [35mTRACE[0m [2mtheta::remote::peer[0m[2m:[0m creating [3mpeer[0m[2m=[0mPeer(0x154d17430) [3mpublic_key[0m[2m=[0m4d40f8c74d907c4c1aa06bd6da93711a83cc4fad660282caa52646e6ea1019d0
[2m2025-09-26 15:37:48.261 +09:00[0m [35mTRACE[0m [2mtheta::remote::peer[0m[2m:[0m adding [3mpeer[0m[2m=[0mPeer(0x154d17430)
[2m2025-09-26 15:37:48.261 +09:00[0m [35mTRACE[0m [2mtheta::remote::peer[0m[2m:[0m sending lookup request [3mactor[0m[2m=[0mdedup::PingPong(70696e675f706f6e6700000000000000) [3mhost[0m[2m=[0mPeer(0x154d17430) [3mkey[0m[2m=[0m0
[2m2025-09-26 15:37:48.261 +09:00[0m [35mTRACE[0m [2mtheta::remote::peer[0m[2m:[0m starting to accept streams [3mfrom[0m[2m=[0mPeer(0x154d17430)
[2m2025-09-26 15:37:48.480 +09:00[0m [32m INFO[0m [1mep[0m[1m{[0m[3mme[0m[2m=[0mb82318e7d5[1m}[0m[2m:[0m[1mrelay-actor[0m[2m:[0m [2miroh::magicsock::transports::relay::actor[0m[2m:[0m home is now relay https://aps1-1.relay.n0.iroh.iroh.link./, was None
[2m2025-09-26 15:37:48.591 +09:00[0m [32m INFO[0m [1mconnect[0m[1m{[0m[3mme[0m[2m=[0mb82318e7d5 [3malpn[0m[2m=[0m"theta" [3mremote[0m[2m=[0m4d40f8c74d[1m}[0m[2m:[0m[1mdiscovery[0m[1m{[0m[3mme[0m[2m=[0mb82318e7d5 [3mnode[0m[2m=[0m4d40f8c74d[1m}[0m[2m:[0m[1madd_node_addr[0m[2m:[0m[1madd_node_addr[0m[1m{[0m[3mnode[0m[2m=[0m4d40f8c74d[1m}[0m[2m:[0m [2miroh::magicsock::node_map[0m[2m:[0m inserting new node in NodeMap [3mnode[0m[2m=[0m4d40f8c74d [3mrelay_url[0m[2m=[0mNone [3msource[0m[2m=[0mdns
[2m2025-09-26 15:37:48.593 +09:00[0m [32m INFO[0m [1mconnect[0m[1m{[0m[3mme[0m[2m=[0mb82318e7d5 [3malpn[0m[2m=[0m"theta" [3mremote[0m[2m=[0m4d40f8c74d[1m}[0m[2m:[0m[1mprepare_send[0m[2m:[0m[1mget_send_addrs[0m[1m{[0m[3mnode[0m[2m=[0m4d40f8c74d[1m}[0m[2m:[0m [2miroh::magicsock::node_map::node_state[0m[2m:[0m new connection type [3mtyp[0m[2m=[0mdirect(192.168.1.104:52812)
[2m2025-09-26 15:37:48.607 +09:00[0m [35mTRACE[0m [2mtheta::remote::peer[0m[2m:[0m starting to receive frames [3mfrom[0m[2m=[0mPeer(0x154d17430)
[2m2025-09-26 15:37:48.608 +09:00[0m [34mDEBUG[0m [2mtheta::remote::peer[0m[2m:[0m received lookup response [3mactor[0m[2m=[0mdedup::PingPong(70696e675f706f6e6700000000000000) [3mhost[0m[2m=[0mPeer(0x154d17430) [3mkey[0m[2m=[0m0 [3mresp[0m[2m=[0mOk(18 bytes)
[2m2025-09-26 15:37:48.608 +09:00[0m [32m INFO[0m [2mdedup[0m[2m:[0m Successfully connected to peer after 1 attempts
[2m2025-09-26 15:37:48.608 +09:00[0m [32m INFO[0m [2mdedup[0m[2m:[0m sending ping to iroh://ping_pong@4d40f8c74d907c4c1aa06bd6da93711a83cc4fad660282caa52646e6ea1019d0 every 5 seconds. Press Ctrl-C to stop.
[2m2025-09-26 15:37:48.608 +09:00[0m [35mTRACE[0m [2mtheta::remote::peer[0m[2m:[0m starting imported remote [3mactor[0m[2m=[0mdedup::PingPong(4e867953-85ed-4618-924b-86e5932860f3) [3mhost[0m[2m=[0mPeer(0x154d17430)
[2m2025-09-26 15:37:48.608 +09:00[0m [35mTRACE[0m [2mtheta::remote::peer[0m[2m:[0m sending import initial frame [3mactor[0m[2m=[0mdedup::PingPong(4e867953-85ed-4618-924b-86e5932860f3) [3mhost[0m[2m=[0mPeer(0x154d17430)
[2m2025-09-26 15:37:48.608 +09:00[0m [34mDEBUG[0m [2mtheta::remote::peer[0m[2m:[0m accepted incoming connection [3mpublic_key[0m[2m=[0m4d40f8c74d907c4c1aa06bd6da93711a83cc4fad660282caa52646e6ea1019d0
[2m2025-09-26 15:37:48.608 +09:00[0m [35mTRACE[0m [2mtheta::remote::peer[0m[2m:[0m handling unfavored incoming connection [3mpublic_key[0m[2m=[0m4d40f8c74d907c4c1aa06bd6da93711a83cc4fad660282caa52646e6ea1019d0
[2m2025-09-26 15:37:48.608 +09:00[0m [35mTRACE[0m [2mtheta::remote::peer[0m[2m:[0m accepting unfavored control_rx [3mfrom[0m[2m=[0mPeer(0x154d17430)
[2m2025-09-26 15:37:48.609 +09:00[0m [32m INFO[0m [2mdedup[0m[2m:[0m sending ping to 4e867953-85ed-4618-924b-86e5932860f3
[2m2025-09-26 15:37:48.609 +09:00[0m [35mTRACE[0m [2mtheta::remote::peer[0m[2m:[0m starting to receive frames [3mfrom[0m[2m=[0mPeer(0x154d17430)
[2m2025-09-26 15:37:48.609 +09:00[0m [34mDEBUG[0m [2mtheta::remote::peer[0m[2m:[0m processed lookup request [3mident[0m[2m=[0m70696e675f706f6e6700000000000000 [3mhost[0m[2m=[0mPeer(0x154d17430) [3mkey[0m[2m=[0m0 [3mresp[0m[2m=[0mControlFrame::LookupResp { res: Ok(18 bytes), key: 0 }
[2m2025-09-26 15:37:48.610 +09:00[0m [32m INFO[0m [2mdedup[0m[2m:[0m received pong from 4e867953-85ed-4618-924b-86e5932860f3 in 1.132583ms
[2m2025-09-26 15:37:48.610 +09:00[0m [34mDEBUG[0m [2mtheta::remote::peer[0m[2m:[0m accepted stream [3mfrom[0m[2m=[0mPeer(0x154d17430)
[2m2025-09-26 15:37:48.610 +09:00[0m [34mDEBUG[0m [2mtheta::remote::peer[0m[2m:[0m received initial frame [3mlen[0m[2m=[0m18 [3mfrom[0m[2m=[0mPeer(0x154d17430)
[2m2025-09-26 15:37:48.610 +09:00[0m [34mDEBUG[0m [2mtheta::remote::peer[0m[2m:[0m deserialized initial frame [3mfrom[0m[2m=[0mPeer(0x154d17430) [3mframe[0m[2m=[0mInitFrame::Import { actor_id: 48cd3e79b957492d9fde1efc468d8dbb }
[2m2025-09-26 15:37:48.610 +09:00[0m [35mTRACE[0m [2mtheta::actor_ref[0m[2m:[0m listening exported [3mactor[0m[2m=[0mdedup::PingPong(48cd3e79b957492d9fde1efc468d8dbb)
[2m2025-09-26 15:37:48.611 +09:00[0m [32m INFO[0m [2mdedup[0m[2m:[0m received ping from 4d40f8c74d907c4c1aa06bd6da93711a83cc4fad660282caa52646e6ea1019d0
[2m2025-09-26 15:37:53.610 +09:00[0m [32m INFO[0m [2mdedup[0m[2m:[0m sending ping to 4e867953-85ed-4618-924b-86e5932860f3
[2m2025-09-26 15:37:53.612 +09:00[0m [32m INFO[0m [2mdedup[0m[2m:[0m received ping from 4d40f8c74d907c4c1aa06bd6da93711a83cc4fad660282caa52646e6ea1019d0
[2m2025-09-26 15:37:53.613 +09:00[0m [32m INFO[0m [2mdedup[0m[2m:[0m received pong from 4e867953-85ed-4618-924b-86e5932860f3 in 2.663208ms
[2m2025-09-26 15:37:58.611 +09:00[0m [32m INFO[0m [2mdedup[0m[2m:[0m sending ping to 4e867953-85ed-4618-924b-86e5932860f3
[2m2025-09-26 15:37:58.613 +09:00[0m [32m INFO[0m [2mdedup[0m[2m:[0m received ping from 4d40f8c74d907c4c1aa06bd6da93711a83cc4fad660282caa52646e6ea1019d0
[2m2025-09-26 15:37:58.614 +09:00[0m [32m INFO[0m [2mdedup[0m[2m:[0m received pong from 4e867953-85ed-4618-924b-86e5932860f3 in 2.687583ms
[2m2025-09-26 15:38:03.611 +09:00[0m [32m INFO[0m [2mdedup[0m[2m:[0m sending ping to 4e867953-85ed-4618-924b-86e5932860f3
[2m2025-09-26 15:38:03.617 +09:00[0m [32m INFO[0m [2mdedup[0m[2m:[0m received ping from 4d40f8c74d907c4c1aa06bd6da93711a83cc4fad660282caa52646e6ea1019d0
[2m2025-09-26 15:38:03.617 +09:00[0m [32m INFO[0m [2mdedup[0m[2m:[0m received pong from 4e867953-85ed-4618-924b-86e5932860f3 in 5.644791ms
[2m2025-09-26 15:38:08.610 +09:00[0m [32m INFO[0m [2mdedup[0m[2m:[0m sending ping to 4e867953-85ed-4618-924b-86e5932860f3
[2m2025-09-26 15:38:08.612 +09:00[0m [32m INFO[0m [2mdedup[0m[2m:[0m received ping from 4d40f8c74d907c4c1aa06bd6da93711a83cc4fad660282caa52646e6ea1019d0
[2m2025-09-26 15:38:08.612 +09:00[0m [32m INFO[0m [2mdedup[0m[2m:[0m received pong from 4e867953-85ed-4618-924b-86e5932860f3 in 1.987ms
[2m2025-09-26 15:38:13.611 +09:00[0m [32m INFO[0m [2mdedup[0m[2m:[0m sending ping to 4e867953-85ed-4618-924b-86e5932860f3
[2m2025-09-26 15:38:13.617 +09:00[0m [32m INFO[0m [2mdedup[0m[2m:[0m received ping from 4d40f8c74d907c4c1aa06bd6da93711a83cc4fad660282caa52646e6ea1019d0
[2m2025-09-26 15:38:13.618 +09:00[0m [32m INFO[0m [2mdedup[0m[2m:[0m received pong from 4e867953-85ed-4618-924b-86e5932860f3 in 6.677834ms
[2m2025-09-26 15:38:18.611 +09:00[0m [32m INFO[0m [2mdedup[0m[2m:[0m sending ping to 4e867953-85ed-4618-924b-86e5932860f3
[2m2025-09-26 15:38:18.615 +09:00[0m [32m INFO[0m [2mdedup[0m[2m:[0m received ping from 4d40f8c74d907c4c1aa06bd6da93711a83cc4fad660282caa52646e6ea1019d0
[2m2025-09-26 15:38:18.616 +09:00[0m [32m INFO[0m [2mdedup[0m[2m:[0m received pong from 4e867953-85ed-4618-924b-86e5932860f3 in 4.168792ms
[2m2025-09-26 15:38:23.611 +09:00[0m [32m INFO[0m [2mdedup[0m[2m:[0m sending ping to 4e867953-85ed-4618-924b-86e5932860f3
[2m2025-09-26 15:38:23.613 +09:00[0m [32m INFO[0m [2mdedup[0m[2m:[0m received ping from 4d40f8c74d907c4c1aa06bd6da93711a83cc4fad660282caa52646e6ea1019d0
[2m2025-09-26 15:38:23.614 +09:00[0m [32m INFO[0m [2mdedup[0m[2m:[0m received pong from 4e867953-85ed-4618-924b-86e5932860f3 in 2.437458ms
[2m2025-09-26 15:38:28.611 +09:00[0m [32m INFO[0m [2mdedup[0m[2m:[0m sending ping to 4e867953-85ed-4618-924b-86e5932860f3
[2m2025-09-26 15:38:28.613 +09:00[0m [32m INFO[0m [2mdedup[0m[2m:[0m received ping from 4d40f8c74d907c4c1aa06bd6da93711a83cc4fad660282caa52646e6ea1019d0
[2m2025-09-26 15:38:28.614 +09:00[0m [32m INFO[0m [2mdedup[0m[2m:[0m received pong from 4e867953-85ed-4618-924b-86e5932860f3 in 2.313791ms
[2m2025-09-26 15:38:33.611 +09:00[0m [32m INFO[0m [2mdedup[0m[2m:[0m sending ping to 4e867953-85ed-4618-924b-86e5932860f3
[2m2025-09-26 15:38:33.612 +09:00[0m [32m INFO[0m [2mdedup[0m[2m:[0m received pong from 4e867953-85ed-4618-924b-86e5932860f3 in 927.208µs
[2m2025-09-26 15:38:33.612 +09:00[0m [32m INFO[0m [2mdedup[0m[2m:[0m received ping from 4d40f8c74d907c4c1aa06bd6da93711a83cc4fad660282caa52646e6ea1019d0
[2m2025-09-26 15:38:38.611 +09:00[0m [32m INFO[0m [2mdedup[0m[2m:[0m sending ping to 4e867953-85ed-4618-924b-86e5932860f3
[2m2025-09-26 15:38:38.612 +09:00[0m [32m INFO[0m [2mdedup[0m[2m:[0m received ping from 4d40f8c74d907c4c1aa06bd6da93711a83cc4fad660282caa52646e6ea1019d0
[2m2025-09-26 15:38:38.613 +09:00[0m [32m INFO[0m [2mdedup[0m[2m:[0m received pong from 4e867953-85ed-4618-924b-86e5932860f3 in 1.370792ms
[2m2025-09-26 15:38:43.611 +09:00[0m [32m INFO[0m [2mdedup[0m[2m:[0m sending ping to 4e867953-85ed-4618-924b-86e5932860f3
[2m2025-09-26 15:38:43.612 +09:00[0m [32m INFO[0m [2mdedup[0m[2m:[0m received ping from 4d40f8c74d907c4c1aa06bd6da93711a83cc4fad660282caa52646e6ea1019d0
[2m2025-09-26 15:38:43.613 +09:00[0m [32m INFO[0m [2mdedup[0m[2m:[0m received pong from 4e867953-85ed-4618-924b-86e5932860f3 in 1.588083ms
[2m2025-09-26 15:38:48.612 +09:00[0m [32m INFO[0m [2mdedup[0m[2m:[0m sending ping to 4e867953-85ed-4618-924b-86e5932860f3
[2m2025-09-26 15:38:48.617 +09:00[0m [32m INFO[0m [2mdedup[0m[2m:[0m received ping from 4d40f8c74d907c4c1aa06bd6da93711a83cc4fad660282caa52646e6ea1019d0
[2m2025-09-26 15:38:48.618 +09:00[0m [32m INFO[0m [2mdedup[0m[2m:[0m received pong from 4e867953-85ed-4618-924b-86e5932860f3 in 5.126166ms
[2m2025-09-26 15:38:53.612 +09:00[0m [32m INFO[0m [2mdedup[0m[2m:[0m sending ping to 4e867953-85ed-4618-924b-86e5932860f3
[2m2025-09-26 15:38:53.613 +09:00[0m [32m INFO[0m [2mdedup[0m[2m:[0m received ping from 4d40f8c74d907c4c1aa06bd6da93711a83cc4fad660282caa52646e6ea1019d0
[2m2025-09-26 15:38:53.613 +09:00[0m [32m INFO[0m [2mdedup[0m[2m:[0m received pong from 4e867953-85ed-4618-924b-86e5932860f3 in 1.38025ms
[2m2025-09-26 15:38:58.612 +09:00[0m [32m INFO[0m [2mdedup[0m[2m:[0m sending ping to 4e867953-85ed-4618-924b-86e5932860f3
[2m2025-09-26 15:38:58.616 +09:00[0m [32m INFO[0m [2mdedup[0m[2m:[0m received ping from 4d40f8c74d907c4c1aa06bd6da93711a83cc4fad660282caa52646e6ea1019d0
[2m2025-09-26 15:38:58.617 +09:00[0m [32m INFO[0m [2mdedup[0m[2m:[0m received pong from 4e867953-85ed-4618-924b-86e5932860f3 in 4.937084ms
[2m2025-09-26 15:39:03.611 +09:00[0m [32m INFO[0m [2mdedup[0m[2m:[0m sending ping to 4e867953-85ed-4618-924b-86e5932860f3
[2m2025-09-26 15:39:03.612 +09:00[0m [32m INFO[0m [2mdedup[0m[2m:[0m received pong from 4e867953-85ed-4618-924b-86e5932860f3 in 1.028834ms
[2m2025-09-26 15:39:03.613 +09:00[0m [32m INFO[0m [2mdedup[0m[2m:[0m received ping from 4d40f8c74d907c4c1aa06bd6da93711a83cc4fad660282caa52646e6ea1019d0
[2m2025-09-26 15:39:08.611 +09:00[0m [32m INFO[0m [2mdedup[0m[2m:[0m sending ping to 4e867953-85ed-4618-924b-86e5932860f3
[2m2025-09-26 15:39:08.613 +09:00[0m [32m INFO[0m [2mdedup[0m[2m:[0m received pong from 4e867953-85ed-4618-924b-86e5932860f3 in 1.194375ms
[2m2025-09-26 15:39:08.614 +09:00[0m [32m INFO[0m [2mdedup[0m[2m:[0m received ping from 4d40f8c74d907c4c1aa06bd6da93711a83cc4fad660282caa52646e6ea1019d0
[2m2025-09-26 15:39:13.612 +09:00[0m [32m INFO[0m [2mdedup[0m[2m:[0m sending ping to 4e867953-85ed-4618-924b-86e5932860f3
[2m2025-09-26 15:39:13.615 +09:00[0m [32m INFO[0m [2mdedup[0m[2m:[0m received ping from 4d40f8c74d907c4c1aa06bd6da93711a83cc4fad660282caa52646e6ea1019d0
[2m2025-09-26 15:39:13.616 +09:00[0m [32m INFO[0m [2mdedup[0m[2m:[0m received pong from 4e867953-85ed-4618-924b-86e5932860f3 in 2.995583ms
[2m2025-09-26 15:39:18.612 +09:00[0m [32m INFO[0m [2mdedup[0m[2m:[0m sending ping to 4e867953-85ed-4618-924b-86e5932860f3
[2m2025-09-26 15:39:18.615 +09:00[0m [32m INFO[0m [2mdedup[0m[2m:[0m received ping from 4d40f8c74d907c4c1aa06bd6da93711a83cc4fad660282caa52646e6ea1019d0
[2m2025-09-26 15:39:18.616 +09:00[0m [32m INFO[0m [2mdedup[0m[2m:[0m received pong from 4e867953-85ed-4618-924b-86e5932860f3 in 3.666375ms
[2m2025-09-26 15:39:23.611 +09:00[0m [32m INFO[0m [2mdedup[0m[2m:[0m sending ping to 4e867953-85ed-4618-924b-86e5932860f3
[2m2025-09-26 15:39:23.614 +09:00[0m [32m INFO[0m [2mdedup[0m[2m:[0m received ping from 4d40f8c74d907c4c1aa06bd6da93711a83cc4fad660282caa52646e6ea1019d0
[2m2025-09-26 15:39:23.615 +09:00[0m [32m INFO[0m [2mdedup[0m[2m:[0m received pong from 4e867953-85ed-4618-924b-86e5932860f3 in 3.501ms
[2m2025-09-26 15:39:28.612 +09:00[0m [32m INFO[0m [2mdedup[0m[2m:[0m sending ping to 4e867953-85ed-4618-924b-86e5932860f3
[2m2025-09-26 15:39:28.615 +09:00[0m [32m INFO[0m [2mdedup[0m[2m:[0m received ping from 4d40f8c74d907c4c1aa06bd6da93711a83cc4fad660282caa52646e6ea1019d0
[2m2025-09-26 15:39:28.617 +09:00[0m [32m INFO[0m [2mdedup[0m[2m:[0m received pong from 4e867953-85ed-4618-924b-86e5932860f3 in 3.816917ms
[2m2025-09-26 15:39:33.612 +09:00[0m [32m INFO[0m [2mdedup[0m[2m:[0m sending ping to 4e867953-85ed-4618-924b-86e5932860f3
[2m2025-09-26 15:39:33.616 +09:00[0m [32m INFO[0m [2mdedup[0m[2m:[0m received ping from 4d40f8c74d907c4c1aa06bd6da93711a83cc4fad660282caa52646e6ea1019d0
[2m2025-09-26 15:39:33.618 +09:00[0m [32m INFO[0m [2mdedup[0m[2m:[0m received pong from 4e867953-85ed-4618-924b-86e5932860f3 in 4.577667ms
[2m2025-09-26 15:39:38.612 +09:00[0m [32m INFO[0m [2mdedup[0m[2m:[0m sending ping to 4e867953-85ed-4618-924b-86e5932860f3
[2m2025-09-26 15:39:38.613 +09:00[0m [32m INFO[0m [2mdedup[0m[2m:[0m received ping from 4d40f8c74d907c4c1aa06bd6da93711a83cc4fad660282caa52646e6ea1019d0
[2m2025-09-26 15:39:38.614 +09:00[0m [32m INFO[0m [2mdedup[0m[2m:[0m received pong from 4e867953-85ed-4618-924b-86e5932860f3 in 1.256708ms
[2m2025-09-26 15:39:39.765 +09:00[0m [32m INFO[0m [2mdedup[0m[2m:[0m Received Ctrl-C signal, shutting down...
[2m2025-09-26 15:39:39.766 +09:00[0m [32m INFO[0m [2mdedup[0m[2m:[0m Shutdown signal received, exiting...
